2025-10-24 11:16:24 INFO Starting College RAG Bot on device: cuda
2025-10-24 11:16:24 INFO Loading preprocessed CSV and FAISS index from disk.
2025-10-24 11:16:24 INFO build_or_load_db took 0.093s
2025-10-24 11:16:24 INFO Loading embedding model: intfloat/e5-base-v2 on cuda
2025-10-24 11:16:29 INFO Loading text-generation model pipeline.
2025-10-24 11:16:33 INFO load_generation_pipeline took 4.585s
2025-10-24 11:16:55 INFO Query received: explain me about the Information technology degree
2025-10-24 11:16:55 INFO Greeting handled by greeting module.
2025-10-24 11:18:05 INFO Starting College RAG Bot on device: cuda
2025-10-24 11:18:05 INFO Loading preprocessed CSV and FAISS index from disk.
2025-10-24 11:18:05 INFO build_or_load_db took 0.070s
2025-10-24 11:18:05 INFO Loading embedding model: intfloat/e5-base-v2 on cuda
2025-10-24 11:18:09 INFO Loading text-generation model pipeline.
2025-10-24 11:18:14 INFO load_generation_pipeline took 4.668s
2025-10-24 11:18:28 INFO Query received: explain me about the tech degree
2025-10-24 11:18:28 INFO Generating response (attempt 1)
2025-10-24 11:18:38 INFO Generated answer in 10.798s; saved to memory id=1761284918856
2025-10-24 11:21:11 INFO Starting College RAG Bot on device: cuda
2025-10-24 11:21:11 INFO Loading preprocessed CSV and FAISS index from disk.
2025-10-24 11:21:11 INFO build_or_load_db took 0.093s
2025-10-24 11:21:11 INFO Loading embedding model: intfloat/e5-base-v2 on cuda
2025-10-24 11:21:16 INFO Loading text-generation model pipeline.
2025-10-24 11:21:20 INFO load_generation_pipeline took 4.441s
2025-10-24 11:22:12 INFO Query received: explain me tech relate popular degree in mumbai
2025-10-24 11:22:13 INFO Generating response (attempt 1)
2025-10-24 11:22:15 INFO Generated answer in 2.612s; saved to memory id=1761285135484
2025-10-24 11:24:06 INFO Query received: tech related degreee any sugesion
2025-10-24 11:24:06 INFO Generating response (attempt 1)
2025-10-24 11:24:16 INFO Generated answer in 9.830s; saved to memory id=1761285256049
2025-10-24 11:35:10 INFO Starting College RAG Bot on device: cuda
2025-10-24 11:35:10 INFO Loading preprocessed CSV and FAISS index from disk.
2025-10-24 11:35:10 INFO build_or_load_db took 0.081s
2025-10-24 11:35:10 INFO Loading embedding model: intfloat/e5-base-v2 on cuda
2025-10-24 11:35:14 INFO Loading text-generation model pipeline.
2025-10-24 11:35:21 INFO load_generation_pipeline took 6.788s
2025-10-24 11:41:19 INFO Query received: Whats the fees for B.Com full course in H.R.College in Mumbai
2025-10-24 11:41:20 INFO Generating response (attempt 1)
2025-10-24 11:41:30 INFO Generated answer in 10.564s; saved to memory id=1761286290010
2025-10-24 11:42:21 INFO Starting College RAG Bot on device: cuda
2025-10-24 11:42:21 INFO Loading preprocessed CSV and FAISS index from disk.
2025-10-24 11:42:21 INFO build_or_load_db took 0.074s
2025-10-24 11:42:21 INFO Loading embedding model: intfloat/e5-base-v2 on cuda
2025-10-24 11:42:25 INFO Loading text-generation model pipeline.
2025-10-24 11:42:31 INFO load_generation_pipeline took 5.621s
2025-10-24 11:42:40 INFO Query received: Whats the fees for B.Com full course in H.R.College in Mumbai
2025-10-24 11:42:41 INFO Generating response (attempt 1)
2025-10-24 11:42:47 INFO Generated answer in 7.042s; saved to memory id=1761286367582
2025-10-24 11:43:20 INFO Query received: Whats the fees for B.Com full course in hr college
2025-10-24 11:43:22 INFO Generating response (attempt 1)
2025-10-24 11:43:28 INFO Generated answer in 8.531s; saved to memory id=1761286408602
2025-10-30 13:30:05 INFO Starting College RAG Bot on device: cpu
2025-10-30 13:30:05 INFO Loading preprocessed CSV and FAISS index from disk.
2025-10-30 13:30:05 INFO build_or_load_db took 0.100s
2025-10-30 13:30:05 INFO Loading embedding model: intfloat/e5-base-v2 on cpu
2025-10-30 13:30:58 INFO Loading text-generation model pipeline.
2025-10-30 13:35:22 INFO load_generation_pipeline took 263.842s
2025-10-30 14:30:56 INFO Query received: give me info about hr college
2025-10-30 14:30:58 INFO Generating response (attempt 1)
2025-10-30 14:31:29 INFO Generated answer in 32.923s; saved to memory id=1761814889343
2025-10-30 14:31:53 INFO Starting College RAG Bot on device: cpu
2025-10-30 14:31:53 INFO Loading preprocessed CSV and FAISS index from disk.
2025-10-30 14:31:53 INFO build_or_load_db took 0.096s
2025-10-30 14:31:53 INFO Loading embedding model: intfloat/e5-base-v2 on cpu
2025-10-30 14:31:57 INFO Loading text-generation model pipeline.
2025-10-30 14:31:58 INFO load_generation_pipeline took 1.169s
2025-10-30 14:32:06 INFO Query received: give me info about amity college
2025-10-30 14:32:09 INFO Generating response (attempt 1)
2025-10-30 14:32:54 INFO Generated answer in 48.013s; saved to memory id=1761814974571
2025-10-30 14:44:28 INFO Query received: hi
2025-10-30 14:44:28 INFO Greeting handled by greeting module.
2025-10-30 14:44:32 INFO Query received: harshit
2025-10-30 14:44:34 INFO Generating response (attempt 1)
2025-10-30 14:45:36 INFO Generated answer in 64.850s; saved to memory id=1761815736888
